CRITICAL - 2022-08-22 04:34:57 --> Class "App\Controllers\UserModel" not found
in APPPATH/Controllers/RegisterSessionController.php on line 17.
 1 SYSTEMPATH/CodeIgniter.php(898): App\Controllers\RegisterSessionController->index()
 2 SYSTEMPATH/CodeIgniter.php(457): CodeIgniter\CodeIgniter->runController(Object(App\Controllers\RegisterSessionController))
 3 SYSTEMPATH/CodeIgniter.php(340): CodeIgniter\CodeIgniter->handleRequest(null, Object(Config\Cache), false)
 4 FCPATH/index.php(67): CodeIgniter\CodeIgniter->run()
 5 SYSTEMPATH/Commands/Server/rewrite.php(43): require_once('FCPATH/index.php')
CRITICAL - 2022-08-22 04:44:52 --> Undefined array key "item"
in APPPATH/Controllers/RegisterSessionController.php on line 26.
 1 APPPATH/Controllers/RegisterSessionController.php(26): CodeIgniter\Debug\Exceptions->errorHandler(2, 'Undefined array key "item"', 'APPPATH/Controllers/RegisterSessionController.php', 26)
 2 SYSTEMPATH/CodeIgniter.php(898): App\Controllers\RegisterSessionController->index()
 3 SYSTEMPATH/CodeIgniter.php(457): CodeIgniter\CodeIgniter->runController(Object(App\Controllers\RegisterSessionController))
 4 SYSTEMPATH/CodeIgniter.php(340): CodeIgniter\CodeIgniter->handleRequest(null, Object(Config\Cache), false)
 5 FCPATH/index.php(67): CodeIgniter\CodeIgniter->run()
 6 SYSTEMPATH/Commands/Server/rewrite.php(43): require_once('FCPATH/index.php')
CRITICAL - 2022-08-22 06:51:49 --> syntax error, unexpected identifier "username", expecting "]"
in APPPATH/Controllers/RegisterSessionController.php on line 30.
 1 SYSTEMPATH/Autoloader/Autoloader.php(259): CodeIgniter\Autoloader\Autoloader->includeFile('APPPATH/Controllers/RegisterSessionController.php')
 2 SYSTEMPATH/Autoloader/Autoloader.php(237): CodeIgniter\Autoloader\Autoloader->loadInNamespace('App\\Controllers\\RegisterSessionController')
 3 [internal function]: CodeIgniter\Autoloader\Autoloader->loadClass('App\\Controllers\\RegisterSessionController')
 4 SYSTEMPATH/CodeIgniter.php(848): class_exists('\\App\\Controllers\\RegisterSessionController', true)
 5 SYSTEMPATH/CodeIgniter.php(444): CodeIgniter\CodeIgniter->startController()
 6 SYSTEMPATH/CodeIgniter.php(340): CodeIgniter\CodeIgniter->handleRequest(null, Object(Config\Cache), false)
 7 FCPATH/index.php(67): CodeIgniter\CodeIgniter->run()
 8 SYSTEMPATH/Commands/Server/rewrite.php(43): require_once('FCPATH/index.php')
CRITICAL - 2022-08-22 06:55:31 --> Unclosed '{' on line 10
in APPPATH/Controllers/RegisterSessionController.php on line 41.
 1 SYSTEMPATH/Autoloader/Autoloader.php(259): CodeIgniter\Autoloader\Autoloader->includeFile('APPPATH/Controllers/RegisterSessionController.php')
 2 SYSTEMPATH/Autoloader/Autoloader.php(237): CodeIgniter\Autoloader\Autoloader->loadInNamespace('App\\Controllers\\RegisterSessionController')
 3 [internal function]: CodeIgniter\Autoloader\Autoloader->loadClass('App\\Controllers\\RegisterSessionController')
 4 SYSTEMPATH/CodeIgniter.php(848): class_exists('\\App\\Controllers\\RegisterSessionController', true)
 5 SYSTEMPATH/CodeIgniter.php(444): CodeIgniter\CodeIgniter->startController()
 6 SYSTEMPATH/CodeIgniter.php(340): CodeIgniter\CodeIgniter->handleRequest(null, Object(Config\Cache), false)
 7 FCPATH/index.php(67): CodeIgniter\CodeIgniter->run()
 8 SYSTEMPATH/Commands/Server/rewrite.php(43): require_once('FCPATH/index.php')
CRITICAL - 2022-08-22 06:55:53 --> Undefined global variable $_SESSION
in APPPATH/Controllers/RegisterSessionController.php on line 39.
 1 APPPATH/Controllers/RegisterSessionController.php(39): CodeIgniter\Debug\Exceptions->errorHandler(2, 'Undefined global variable $_SESSION', 'APPPATH/Controllers/RegisterSessionController.php', 39)
 2 SYSTEMPATH/CodeIgniter.php(898): App\Controllers\RegisterSessionController->look()
 3 SYSTEMPATH/CodeIgniter.php(457): CodeIgniter\CodeIgniter->runController(Object(App\Controllers\RegisterSessionController))
 4 SYSTEMPATH/CodeIgniter.php(340): CodeIgniter\CodeIgniter->handleRequest(null, Object(Config\Cache), false)
 5 FCPATH/index.php(67): CodeIgniter\CodeIgniter->run()
 6 SYSTEMPATH/Commands/Server/rewrite.php(43): require_once('FCPATH/index.php')
