CRITICAL - 2022-08-09 02:38:44 --> Undefined property: App\Controllers\ProductController::$output
in APPPATH/Controllers/ProductController.php on line 21.
 1 APPPATH/Controllers/ProductController.php(21): CodeIgniter\Debug\Exceptions->errorHandler(2, 'Undefined property: App\\Controllers\\ProductController::$output', 'APPPATH/Controllers/ProductController.php', 21)
 2 SYSTEMPATH/CodeIgniter.php(898): App\Controllers\ProductController->index()
 3 SYSTEMPATH/CodeIgniter.php(457): CodeIgniter\CodeIgniter->runController(Object(App\Controllers\ProductController))
 4 SYSTEMPATH/CodeIgniter.php(340): CodeIgniter\CodeIgniter->handleRequest(null, Object(Config\Cache), false)
 5 FCPATH/index.php(67): CodeIgniter\CodeIgniter->run()
 6 SYSTEMPATH/Commands/Server/rewrite.php(43): require_once('FCPATH/index.php')
CRITICAL - 2022-08-09 02:41:59 --> Undefined property: App\Controllers\ProductController::$output
in APPPATH/Controllers/ProductController.php on line 22.
 1 APPPATH/Controllers/ProductController.php(22): CodeIgniter\Debug\Exceptions->errorHandler(2, 'Undefined property: App\\Controllers\\ProductController::$output', 'APPPATH/Controllers/ProductController.php', 22)
 2 SYSTEMPATH/CodeIgniter.php(898): App\Controllers\ProductController->index()
 3 SYSTEMPATH/CodeIgniter.php(457): CodeIgniter\CodeIgniter->runController(Object(App\Controllers\ProductController))
 4 SYSTEMPATH/CodeIgniter.php(340): CodeIgniter\CodeIgniter->handleRequest(null, Object(Config\Cache), false)
 5 FCPATH/index.php(67): CodeIgniter\CodeIgniter->run()
 6 SYSTEMPATH/Commands/Server/rewrite.php(43): require_once('FCPATH/index.php')
CRITICAL - 2022-08-09 02:44:46 --> Undefined property: App\Controllers\ProductController::$output
in APPPATH/Controllers/ProductController.php on line 29.
 1 APPPATH/Controllers/ProductController.php(29): CodeIgniter\Debug\Exceptions->errorHandler(2, 'Undefined property: App\\Controllers\\ProductController::$output', 'APPPATH/Controllers/ProductController.php', 29)
 2 SYSTEMPATH/CodeIgniter.php(898): App\Controllers\ProductController->index()
 3 SYSTEMPATH/CodeIgniter.php(457): CodeIgniter\CodeIgniter->runController(Object(App\Controllers\ProductController))
 4 SYSTEMPATH/CodeIgniter.php(340): CodeIgniter\CodeIgniter->handleRequest(null, Object(Config\Cache), false)
 5 FCPATH/index.php(67): CodeIgniter\CodeIgniter->run()
 6 SYSTEMPATH/Commands/Server/rewrite.php(43): require_once('FCPATH/index.php')
CRITICAL - 2022-08-09 02:47:35 --> Undefined property: App\Controllers\ProductController::$output
in APPPATH/Controllers/ProductController.php on line 29.
 1 APPPATH/Controllers/ProductController.php(29): CodeIgniter\Debug\Exceptions->errorHandler(2, 'Undefined property: App\\Controllers\\ProductController::$output', 'APPPATH/Controllers/ProductController.php', 29)
 2 SYSTEMPATH/CodeIgniter.php(898): App\Controllers\ProductController->index()
 3 SYSTEMPATH/CodeIgniter.php(457): CodeIgniter\CodeIgniter->runController(Object(App\Controllers\ProductController))
 4 SYSTEMPATH/CodeIgniter.php(340): CodeIgniter\CodeIgniter->handleRequest(null, Object(Config\Cache), false)
 5 FCPATH/index.php(67): CodeIgniter\CodeIgniter->run()
 6 SYSTEMPATH/Commands/Server/rewrite.php(43): require_once('FCPATH/index.php')
CRITICAL - 2022-08-09 02:47:35 --> Undefined property: App\Controllers\ProductController::$output
in APPPATH/Controllers/ProductController.php on line 29.
 1 APPPATH/Controllers/ProductController.php(29): CodeIgniter\Debug\Exceptions->errorHandler(2, 'Undefined property: App\\Controllers\\ProductController::$output', 'APPPATH/Controllers/ProductController.php', 29)
 2 SYSTEMPATH/CodeIgniter.php(898): App\Controllers\ProductController->index()
 3 SYSTEMPATH/CodeIgniter.php(457): CodeIgniter\CodeIgniter->runController(Object(App\Controllers\ProductController))
 4 SYSTEMPATH/CodeIgniter.php(340): CodeIgniter\CodeIgniter->handleRequest(null, Object(Config\Cache), false)
 5 FCPATH/index.php(67): CodeIgniter\CodeIgniter->run()
 6 SYSTEMPATH/Commands/Server/rewrite.php(43): require_once('FCPATH/index.php')
CRITICAL - 2022-08-09 02:47:36 --> Undefined property: App\Controllers\ProductController::$output
in APPPATH/Controllers/ProductController.php on line 29.
 1 APPPATH/Controllers/ProductController.php(29): CodeIgniter\Debug\Exceptions->errorHandler(2, 'Undefined property: App\\Controllers\\ProductController::$output', 'APPPATH/Controllers/ProductController.php', 29)
 2 SYSTEMPATH/CodeIgniter.php(898): App\Controllers\ProductController->index()
 3 SYSTEMPATH/CodeIgniter.php(457): CodeIgniter\CodeIgniter->runController(Object(App\Controllers\ProductController))
 4 SYSTEMPATH/CodeIgniter.php(340): CodeIgniter\CodeIgniter->handleRequest(null, Object(Config\Cache), false)
 5 FCPATH/index.php(67): CodeIgniter\CodeIgniter->run()
 6 SYSTEMPATH/Commands/Server/rewrite.php(43): require_once('FCPATH/index.php')
CRITICAL - 2022-08-09 02:47:36 --> Undefined property: App\Controllers\ProductController::$output
in APPPATH/Controllers/ProductController.php on line 29.
 1 APPPATH/Controllers/ProductController.php(29): CodeIgniter\Debug\Exceptions->errorHandler(2, 'Undefined property: App\\Controllers\\ProductController::$output', 'APPPATH/Controllers/ProductController.php', 29)
 2 SYSTEMPATH/CodeIgniter.php(898): App\Controllers\ProductController->index()
 3 SYSTEMPATH/CodeIgniter.php(457): CodeIgniter\CodeIgniter->runController(Object(App\Controllers\ProductController))
 4 SYSTEMPATH/CodeIgniter.php(340): CodeIgniter\CodeIgniter->handleRequest(null, Object(Config\Cache), false)
 5 FCPATH/index.php(67): CodeIgniter\CodeIgniter->run()
 6 SYSTEMPATH/Commands/Server/rewrite.php(43): require_once('FCPATH/index.php')
CRITICAL - 2022-08-09 02:47:36 --> Undefined property: App\Controllers\ProductController::$output
in APPPATH/Controllers/ProductController.php on line 29.
 1 APPPATH/Controllers/ProductController.php(29): CodeIgniter\Debug\Exceptions->errorHandler(2, 'Undefined property: App\\Controllers\\ProductController::$output', 'APPPATH/Controllers/ProductController.php', 29)
 2 SYSTEMPATH/CodeIgniter.php(898): App\Controllers\ProductController->index()
 3 SYSTEMPATH/CodeIgniter.php(457): CodeIgniter\CodeIgniter->runController(Object(App\Controllers\ProductController))
 4 SYSTEMPATH/CodeIgniter.php(340): CodeIgniter\CodeIgniter->handleRequest(null, Object(Config\Cache), false)
 5 FCPATH/index.php(67): CodeIgniter\CodeIgniter->run()
 6 SYSTEMPATH/Commands/Server/rewrite.php(43): require_once('FCPATH/index.php')
CRITICAL - 2022-08-09 02:50:03 --> Unclosed '(' on line 28 does not match '}'
in APPPATH/Controllers/ProductController.php on line 33.
 1 SYSTEMPATH/Autoloader/Autoloader.php(259): CodeIgniter\Autoloader\Autoloader->includeFile('APPPATH/Controllers/ProductController.php')
 2 SYSTEMPATH/Autoloader/Autoloader.php(237): CodeIgniter\Autoloader\Autoloader->loadInNamespace('App\\Controllers\\ProductController')
 3 [internal function]: CodeIgniter\Autoloader\Autoloader->loadClass('App\\Controllers\\ProductController')
 4 SYSTEMPATH/CodeIgniter.php(848): class_exists('\\App\\Controllers\\ProductController', true)
 5 SYSTEMPATH/CodeIgniter.php(444): CodeIgniter\CodeIgniter->startController()
 6 SYSTEMPATH/CodeIgniter.php(340): CodeIgniter\CodeIgniter->handleRequest(null, Object(Config\Cache), false)
 7 FCPATH/index.php(67): CodeIgniter\CodeIgniter->run()
 8 SYSTEMPATH/Commands/Server/rewrite.php(43): require_once('FCPATH/index.php')
CRITICAL - 2022-08-09 02:50:21 --> syntax error, unexpected token "}", expecting ";"
in APPPATH/Controllers/ProductController.php on line 33.
 1 SYSTEMPATH/Autoloader/Autoloader.php(259): CodeIgniter\Autoloader\Autoloader->includeFile('APPPATH/Controllers/ProductController.php')
 2 SYSTEMPATH/Autoloader/Autoloader.php(237): CodeIgniter\Autoloader\Autoloader->loadInNamespace('App\\Controllers\\ProductController')
 3 [internal function]: CodeIgniter\Autoloader\Autoloader->loadClass('App\\Controllers\\ProductController')
 4 SYSTEMPATH/CodeIgniter.php(848): class_exists('\\App\\Controllers\\ProductController', true)
 5 SYSTEMPATH/CodeIgniter.php(444): CodeIgniter\CodeIgniter->startController()
 6 SYSTEMPATH/CodeIgniter.php(340): CodeIgniter\CodeIgniter->handleRequest(null, Object(Config\Cache), false)
 7 FCPATH/index.php(67): CodeIgniter\CodeIgniter->run()
 8 SYSTEMPATH/Commands/Server/rewrite.php(43): require_once('FCPATH/index.php')
CRITICAL - 2022-08-09 05:27:43 --> Allowed fields must be specified for model: App\Models\ProductModel
in SYSTEMPATH/BaseModel.php on line 1139.
 1 SYSTEMPATH/BaseModel.php(1139): CodeIgniter\Database\Exceptions\DataException::forInvalidAllowedFields('App\\Models\\ProductModel')
 2 SYSTEMPATH/BaseModel.php(841): CodeIgniter\BaseModel->doProtectFields([...])
 3 SYSTEMPATH/Model.php(692): CodeIgniter\BaseModel->update([...], [...])
 4 APPPATH/Controllers/ProductController.php(55): CodeIgniter\Model->update(5, [...])
 5 SYSTEMPATH/CodeIgniter.php(898): App\Controllers\ProductController->updateProduct()
 6 SYSTEMPATH/CodeIgniter.php(457): CodeIgniter\CodeIgniter->runController(Object(App\Controllers\ProductController))
 7 SYSTEMPATH/CodeIgniter.php(340): CodeIgniter\CodeIgniter->handleRequest(null, Object(Config\Cache), false)
 8 FCPATH/index.php(67): CodeIgniter\CodeIgniter->run()
 9 SYSTEMPATH/Commands/Server/rewrite.php(43): require_once('FCPATH/index.php')
CRITICAL - 2022-08-09 05:28:03 --> Allowed fields must be specified for model: App\Models\ProductModel
in SYSTEMPATH/BaseModel.php on line 1139.
 1 SYSTEMPATH/BaseModel.php(1139): CodeIgniter\Database\Exceptions\DataException::forInvalidAllowedFields('App\\Models\\ProductModel')
 2 SYSTEMPATH/BaseModel.php(713): CodeIgniter\BaseModel->doProtectFields([...])
 3 SYSTEMPATH/Model.php(666): CodeIgniter\BaseModel->insert([...], true)
 4 APPPATH/Controllers/ProductController.php(41): CodeIgniter\Model->insert([...])
 5 SYSTEMPATH/CodeIgniter.php(898): App\Controllers\ProductController->insertProduct()
 6 SYSTEMPATH/CodeIgniter.php(457): CodeIgniter\CodeIgniter->runController(Object(App\Controllers\ProductController))
 7 SYSTEMPATH/CodeIgniter.php(340): CodeIgniter\CodeIgniter->handleRequest(null, Object(Config\Cache), false)
 8 FCPATH/index.php(67): CodeIgniter\CodeIgniter->run()
 9 SYSTEMPATH/Commands/Server/rewrite.php(43): require_once('FCPATH/index.php')
CRITICAL - 2022-08-09 05:38:43 --> Allowed fields must be specified for model: App\Models\ProductModel
in SYSTEMPATH/BaseModel.php on line 1139.
 1 SYSTEMPATH/BaseModel.php(1139): CodeIgniter\Database\Exceptions\DataException::forInvalidAllowedFields('App\\Models\\ProductModel')
 2 SYSTEMPATH/BaseModel.php(713): CodeIgniter\BaseModel->doProtectFields([...])
 3 SYSTEMPATH/Model.php(666): CodeIgniter\BaseModel->insert([...], true)
 4 APPPATH/Controllers/ProductController.php(41): CodeIgniter\Model->insert([...])
 5 SYSTEMPATH/CodeIgniter.php(898): App\Controllers\ProductController->insertProduct()
 6 SYSTEMPATH/CodeIgniter.php(457): CodeIgniter\CodeIgniter->runController(Object(App\Controllers\ProductController))
 7 SYSTEMPATH/CodeIgniter.php(340): CodeIgniter\CodeIgniter->handleRequest(null, Object(Config\Cache), false)
 8 FCPATH/index.php(67): CodeIgniter\CodeIgniter->run()
 9 SYSTEMPATH/Commands/Server/rewrite.php(43): require_once('FCPATH/index.php')
CRITICAL - 2022-08-09 05:51:01 --> Call to undefined method App\Models\ProductModel::findClientById
in SYSTEMPATH/Model.php on line 773.
 1 APPPATH/Controllers/ProductController.php(25): CodeIgniter\Model->__call('findClientById', [...])
 2 SYSTEMPATH/CodeIgniter.php(898): App\Controllers\ProductController->show('1')
 3 SYSTEMPATH/CodeIgniter.php(457): CodeIgniter\CodeIgniter->runController(Object(App\Controllers\ProductController))
 4 SYSTEMPATH/CodeIgniter.php(340): CodeIgniter\CodeIgniter->handleRequest(null, Object(Config\Cache), false)
 5 FCPATH/index.php(67): CodeIgniter\CodeIgniter->run()
 6 SYSTEMPATH/Commands/Server/rewrite.php(43): require_once('FCPATH/index.php')
